<?xml version="1.0" encoding="UTF-8"?>
<!-- Generated by org.testng.reporters.JUnitXMLReporter -->
<testsuite hostname="M5-L-5194G16" ignored="0" name="Full Regression Test" tests="82" failures="13" timestamp="10 Jul 2018 01:45:09 GMT" time="334.52" errors="0">
  <testcase name="M1_TS01_Login_VerifyApplicationIsUp" time="0.068" classname="com.gurukula.tests.LoginTest"/>
  <testcase name="M1_TS02_VerifyLogin" time="3.019" classname="com.gurukula.tests.LoginTest"/>
  <testcase name="M1_TS03_VerifyInvalidLogin" time="2.804" classname="com.gurukula.tests.LoginTest"/>
  <testcase name="M1_TS03_VerifyInvalidLogin" time="1.788" classname="com.gurukula.tests.LoginTest"/>
  <testcase name="M1_TS03_VerifyInvalidLogin" time="1.983" classname="com.gurukula.tests.LoginTest"/>
  <testcase name="M1_TS03_VerifyInvalidLogin" time="1.972" classname="com.gurukula.tests.LoginTest"/>
  <testcase name="M1_TS04_Verify_Reset_your_password" time="1.236" classname="com.gurukula.tests.LoginTest"/>
  <testcase name="M1_TS04_Verify_Reset_your_password" time="1.18" classname="com.gurukula.tests.LoginTest"/>
  <testcase name="M1_TS04_Verify_Reset_your_password" time="1.352" classname="com.gurukula.tests.LoginTest"/>
  <testcase name="M1_TS04_Verify_Reset_your_password" time="2.209" classname="com.gurukula.tests.LoginTest">
    <failure type="java.lang.AssertionError" message="expected [Your e-mail cannot be longer than 50 characters.] but found []">
      <![CDATA[java.lang.AssertionError: expected [Your e-mail cannot be longer than 50 characters.] but found []
at com.gurukula.tests.LoginTest.M1_TS04_Verify_Reset_your_password(LoginTest.java:100)
... Removed 31 stack frames]]>
    </failure>
  </testcase> <!-- M1_TS04_Verify_Reset_your_password -->
  <testcase name="M1_TS04_Verify_Reset_your_password" time="1.561" classname="com.gurukula.tests.LoginTest"/>
  <testcase name="M1_TS04_Verify_Reset_your_password" time="1.79" classname="com.gurukula.tests.LoginTest">
    <failure type="java.lang.AssertionError" message="expected [Success!] but found []">
      <![CDATA[java.lang.AssertionError: expected [Success!] but found []
at com.gurukula.tests.LoginTest.M1_TS04_Verify_Reset_your_password(LoginTest.java:110)
... Removed 31 stack frames]]>
    </failure>
  </testcase> <!-- M1_TS04_Verify_Reset_your_password -->
  <testcase name="M2_TS01_Verify_NewUser_Registration" time="7.909" classname="com.gurukula.tests.RegistrationTest">
    <failure type="java.lang.AssertionError" message="expected [Registration Success!] but found [Registration failed!]">
      <![CDATA[java.lang.AssertionError: expected [Registration Success!] but found [Registration failed!]
at com.gurukula.tests.RegistrationTest.M2_TS01_Verify_NewUser_Registration(RegistrationTest.java:51)
... Removed 31 stack frames]]>
    </failure>
  </testcase> <!-- M2_TS01_Verify_NewUser_Registration -->
  <testcase name="M2_TS02_VerifyPasswordStrength" time="3.93" classname="com.gurukula.tests.RegistrationTest"/>
  <testcase name="M2_TS02_VerifyPasswordStrength" time="2.266" classname="com.gurukula.tests.RegistrationTest"/>
  <testcase name="M2_TS02_VerifyPasswordStrength" time="2.221" classname="com.gurukula.tests.RegistrationTest"/>
  <testcase name="M2_TS02_VerifyPasswordStrength" time="2.305" classname="com.gurukula.tests.RegistrationTest"/>
  <testcase name="M2_TS03_Registeration_ErrorMessageVerification" time="1.048" classname="com.gurukula.tests.RegistrationTest"/>
  <testcase name="M2_TS03_Registeration_ErrorMessageVerification" time="0.913" classname="com.gurukula.tests.RegistrationTest"/>
  <testcase name="M2_TS03_Registeration_ErrorMessageVerification" time="1.3" classname="com.gurukula.tests.RegistrationTest"/>
  <testcase name="M2_TS03_Registeration_ErrorMessageVerification" time="0.841" classname="com.gurukula.tests.RegistrationTest"/>
  <testcase name="M2_TS03_Registeration_ErrorMessageVerification" time="0.932" classname="com.gurukula.tests.RegistrationTest"/>
  <testcase name="M2_TS03_Registeration_ErrorMessageVerification" time="0.906" classname="com.gurukula.tests.RegistrationTest"/>
  <testcase name="M2_TS03_Registeration_ErrorMessageVerification" time="1.4" classname="com.gurukula.tests.RegistrationTest">
    <failure type="java.lang.AssertionError" message="expected [Your e-mail cannot be longer than 50 characters.] but found []">
      <![CDATA[java.lang.AssertionError: expected [Your e-mail cannot be longer than 50 characters.] but found []
at com.gurukula.tests.RegistrationTest.M2_TS03_Registeration_ErrorMessageVerification(RegistrationTest.java:102)
... Removed 31 stack frames]]>
    </failure>
  </testcase> <!-- M2_TS03_Registeration_ErrorMessageVerification -->
  <testcase name="M2_TS03_Registeration_ErrorMessageVerification" time="0.878" classname="com.gurukula.tests.RegistrationTest"/>
  <testcase name="M2_TS03_Registeration_ErrorMessageVerification" time="0.754" classname="com.gurukula.tests.RegistrationTest"/>
  <testcase name="M2_TS03_Registeration_ErrorMessageVerification" time="1.487" classname="com.gurukula.tests.RegistrationTest"/>
  <testcase name="M2_TS03_Registeration_ErrorMessageVerification" time="0.722" classname="com.gurukula.tests.RegistrationTest">
    <failure type="java.lang.AssertionError" message="expected [Password should begin with a alphabet and should contain a number and a special character.] but found []">
      <![CDATA[java.lang.AssertionError: expected [Password should begin with a alphabet and should contain a number and a special character.] but found []
at com.gurukula.tests.RegistrationTest.M2_TS03_Registeration_ErrorMessageVerification(RegistrationTest.java:119)
... Removed 31 stack frames]]>
    </failure>
  </testcase> <!-- M2_TS03_Registeration_ErrorMessageVerification -->
  <testcase name="M2_TS03_Registeration_ErrorMessageVerification" time="0.907" classname="com.gurukula.tests.RegistrationTest"/>
  <testcase name="M2_TS03_Registeration_ErrorMessageVerification" time="1.422" classname="com.gurukula.tests.RegistrationTest"/>
  <testcase name="M2_TS03_Registeration_ErrorMessageVerification" time="0.842" classname="com.gurukula.tests.RegistrationTest"/>
  <testcase name="M2_TS03_Registeration_ErrorMessageVerification" time="1.006" classname="com.gurukula.tests.RegistrationTest">
    <failure type="java.lang.AssertionError" message="expected [Password should begin with a alphabet and should contain a number and a special character.] but found []">
      <![CDATA[java.lang.AssertionError: expected [Password should begin with a alphabet and should contain a number and a special character.] but found []
at com.gurukula.tests.RegistrationTest.M2_TS03_Registeration_ErrorMessageVerification(RegistrationTest.java:137)
... Removed 31 stack frames]]>
    </failure>
  </testcase> <!-- M2_TS03_Registeration_ErrorMessageVerification -->
  <testcase name="M2_TS03_Registeration_ErrorMessageVerification" time="2.864" classname="com.gurukula.tests.RegistrationTest"/>
  <testcase name="M2_TS04_VerifyRegistrationEnable" time="2.462" classname="com.gurukula.tests.RegistrationTest"/>
  <testcase name="M3_TS01_Verify_user_settings_change" time="2.796" classname="com.gurukula.tests.AccountTest">
    <failure type="java.lang.AssertionError" message="expected [Sucess!] but found [An error has occurred!]">
      <![CDATA[java.lang.AssertionError: expected [Sucess!] but found [An error has occurred!]
at com.gurukula.tests.AccountTest.M3_TS01_Verify_user_settings_change(AccountTest.java:60)
... Removed 31 stack frames]]>
    </failure>
  </testcase> <!-- M3_TS01_Verify_user_settings_change -->
  <testcase name="M3_TS02_Verify_Change_user_password" time="5.795" classname="com.gurukula.tests.AccountTest">
    <failure type="java.lang.AssertionError" message="expected [Sucess!] but found [An error has occurred!]">
      <![CDATA[java.lang.AssertionError: expected [Sucess!] but found [An error has occurred!]
at com.gurukula.tests.AccountTest.M3_TS02_Verify_Change_user_password(AccountTest.java:81)
... Removed 31 stack frames]]>
    </failure>
  </testcase> <!-- M3_TS02_Verify_Change_user_password -->
  <testcase name="M3_TS03_VerifyPasswordStrength_ChangePwdScreen" time="1.267" classname="com.gurukula.tests.AccountTest"/>
  <testcase name="M3_TS03_VerifyPasswordStrength_ChangePwdScreen" time="1.177" classname="com.gurukula.tests.AccountTest"/>
  <testcase name="M3_TS03_VerifyPasswordStrength_ChangePwdScreen" time="1.227" classname="com.gurukula.tests.AccountTest"/>
  <testcase name="M3_TS03_VerifyPasswordStrength_ChangePwdScreen" time="1.072" classname="com.gurukula.tests.AccountTest"/>
  <testcase name="M3_TS03_VerifyPasswordStrength_ChangePwdScreen" time="1.421" classname="com.gurukula.tests.AccountTest"/>
  <testcase name="M3_TS03_VerifyPasswordStrength_ChangePwdScreen" time="1.03" classname="com.gurukula.tests.AccountTest"/>
  <testcase name="M3_TS03_VerifyPasswordStrength_ChangePwdScreen" time="2.279" classname="com.gurukula.tests.AccountTest"/>
  <testcase name="M3_TS03_VerifyPasswordStrength_ChangePwdScreen" time="1.072" classname="com.gurukula.tests.AccountTest">
    <failure type="java.lang.AssertionError" message="expected [Password should begin with a alphabet and should contain a number and a special character.] but found []">
      <![CDATA[java.lang.AssertionError: expected [Password should begin with a alphabet and should contain a number and a special character.] but found []
at com.gurukula.tests.AccountTest.M3_TS03_VerifyPasswordStrength_ChangePwdScreen(AccountTest.java:127)
... Removed 31 stack frames]]>
    </failure>
  </testcase> <!-- M3_TS03_VerifyPasswordStrength_ChangePwdScreen -->
  <testcase name="M3_TS03_VerifyPasswordStrength_ChangePwdScreen" time="1.425" classname="com.gurukula.tests.AccountTest"/>
  <testcase name="M3_TS03_VerifyPasswordStrength_ChangePwdScreen" time="1.447" classname="com.gurukula.tests.AccountTest"/>
  <testcase name="M3_TS03_VerifyPasswordStrength_ChangePwdScreen" time="1.044" classname="com.gurukula.tests.AccountTest"/>
  <testcase name="M3_TS03_VerifyPasswordStrength_ChangePwdScreen" time="1.001" classname="com.gurukula.tests.AccountTest">
    <failure type="java.lang.AssertionError" message="expected [Password should begin with a alphabet and should contain a number and a special character.] but found []">
      <![CDATA[java.lang.AssertionError: expected [Password should begin with a alphabet and should contain a number and a special character.] but found []
at com.gurukula.tests.AccountTest.M3_TS03_VerifyPasswordStrength_ChangePwdScreen(AccountTest.java:151)
... Removed 31 stack frames]]>
    </failure>
  </testcase> <!-- M3_TS03_VerifyPasswordStrength_ChangePwdScreen -->
  <testcase name="M3_TS03_VerifyPasswordStrength_ChangePwdScreen" time="1.82" classname="com.gurukula.tests.AccountTest">
    <failure type="java.lang.AssertionError" message="expected [The password and its confirmation do not match!] but found [Password for [admin]
The password and its confirmation do not match!
New password
Password strength:
New password confirmation
Save
Copyright © 2015. All rights reserved]">
      <![CDATA[java.lang.AssertionError: expected [The password and its confirmation do not match!] but found [Password for [admin]
The password and its confirmation do not match!
New password
Password strength:
New password confirmation
Save
Copyright © 2015. All rights reserved]
at com.gurukula.tests.AccountTest.M3_TS03_VerifyPasswordStrength_ChangePwdScreen(AccountTest.java:158)
... Removed 31 stack frames]]>
    </failure>
  </testcase> <!-- M3_TS03_VerifyPasswordStrength_ChangePwdScreen -->
  <testcase name="M3_TS04_VerifySettings_EmailFieldErrors" time="1.042" classname="com.gurukula.tests.AccountTest"/>
  <testcase name="M3_TS04_VerifySettings_EmailFieldErrors" time="1.1" classname="com.gurukula.tests.AccountTest"/>
  <testcase name="M3_TS04_VerifySettings_EmailFieldErrors" time="0.973" classname="com.gurukula.tests.AccountTest"/>
  <testcase name="M3_TS04_VerifySettings_EmailFieldErrors" time="1.682" classname="com.gurukula.tests.AccountTest">
    <failure type="java.lang.AssertionError" message="expected [Your e-mail cannot be longer than 50 characters.] but found []">
      <![CDATA[java.lang.AssertionError: expected [Your e-mail cannot be longer than 50 characters.] but found []
at com.gurukula.tests.AccountTest.M3_TS04_VerifySettings_EmailFieldErrors(AccountTest.java:188)
... Removed 31 stack frames]]>
    </failure>
  </testcase> <!-- M3_TS04_VerifySettings_EmailFieldErrors -->
  <testcase name="M3_TS05_Verify_Invalidate_Session" time="1.693" classname="com.gurukula.tests.AccountTest">
    <failure type="org.openqa.selenium.StaleElementReferenceException" message="stale element reference: element is not attached to the page document
  (Session info: chrome=67.0.3396.99)
  (Driver info: chromedriver=2.40.565498 (ea082db3280dd6843ebfb08a625e3eb905c4f5ab),platform=Windows NT 10.0.16299 x86_64) (WARNING: The server did not provide any stacktrace information)
Command duration or timeout: 0 milliseconds
For documentation on this error, please visit: http://seleniumhq.org/exceptions/stale_element_reference.html
Build info: version: &amp;apos;3.13.0&amp;apos;, revision: &amp;apos;2f0d292&amp;apos;, time: &amp;apos;2018-06-25T15:24:21.231Z&amp;apos;
System info: host: &amp;apos;M5-L-5194G16&amp;apos;, ip: &amp;apos;172.31.9.133&amp;apos;, os.name: &amp;apos;Windows 10&amp;apos;, os.arch: &amp;apos;amd64&amp;apos;, os.version: &amp;apos;10.0&amp;apos;, java.version: &amp;apos;1.8.0_161&amp;apos;
Driver info: org.openqa.selenium.chrome.ChromeDriver
Capabilities {acceptInsecureCerts: false, acceptSslCerts: false, applicationCacheEnabled: false, browserConnectionEnabled: false, browserName: chrome, chrome: {chromedriverVersion: 2.40.565498 (ea082db3280dd6..., userDataDir: C:\Users\NITISH~1.CHO\AppDa...}, cssSelectorsEnabled: true, databaseEnabled: false, handlesAlerts: true, hasTouchScreen: false, javascriptEnabled: true, locationContextEnabled: true, mobileEmulationEnabled: false, nativeEvents: true, networkConnectionEnabled: false, pageLoadStrategy: normal, platform: XP, platformName: XP, rotatable: false, setWindowRect: true, takesHeapSnapshot: true, takesScreenshot: true, unexpectedAlertBehaviour: , unhandledPromptBehavior: , version: 67.0.3396.99, webStorageEnabled: true}
Session ID: 3ddf396466a672e3b5e00e550f965fb3">
      <![CDATA[org.openqa.selenium.StaleElementReferenceException: stale element reference: element is not attached to the page document
  (Session info: chrome=67.0.3396.99)
  (Driver info: chromedriver=2.40.565498 (ea082db3280dd6843ebfb08a625e3eb905c4f5ab),platform=Windows NT 10.0.16299 x86_64) (WARNING: The server did not provide any stacktrace information)
Command duration or timeout: 0 milliseconds
For documentation on this error, please visit: http://seleniumhq.org/exceptions/stale_element_reference.html
Build info: version: '3.13.0', revision: '2f0d292', time: '2018-06-25T15:24:21.231Z'
System info: host: 'M5-L-5194G16', ip: '172.31.9.133', os.name: 'Windows 10', os.arch: 'amd64', os.version: '10.0', java.version: '1.8.0_161'
Driver info: org.openqa.selenium.chrome.ChromeDriver
Capabilities {acceptInsecureCerts: false, acceptSslCerts: false, applicationCacheEnabled: false, browserConnectionEnabled: false, browserName: chrome, chrome: {chromedriverVersion: 2.40.565498 (ea082db3280dd6..., userDataDir: C:\Users\NITISH~1.CHO\AppDa...}, cssSelectorsEnabled: true, databaseEnabled: false, handlesAlerts: true, hasTouchScreen: false, javascriptEnabled: true, locationContextEnabled: true, mobileEmulationEnabled: false, nativeEvents: true, networkConnectionEnabled: false, pageLoadStrategy: normal, platform: XP, platformName: XP, rotatable: false, setWindowRect: true, takesHeapSnapshot: true, takesScreenshot: true, unexpectedAlertBehaviour: , unhandledPromptBehavior: , version: 67.0.3396.99, webStorageEnabled: true}
Session ID: 3ddf396466a672e3b5e00e550f965fb3
at org.openqa.selenium.remote.ErrorHandler.createThrowable(ErrorHandler.java:214)
at org.openqa.selenium.remote.ErrorHandler.throwIfResponseFailed(ErrorHandler.java:166)
at org.openqa.selenium.remote.http.JsonHttpResponseCodec.reconstructValue(JsonHttpResponseCodec.java:40)
at org.openqa.selenium.remote.http.AbstractHttpResponseCodec.decode(AbstractHttpResponseCodec.java:80)
at org.openqa.selenium.remote.http.AbstractHttpResponseCodec.decode(AbstractHttpResponseCodec.java:44)
at org.openqa.selenium.remote.HttpCommandExecutor.execute(HttpCommandExecutor.java:158)
at org.openqa.selenium.remote.service.DriverCommandExecutor.execute(DriverCommandExecutor.java:83)
at org.openqa.selenium.remote.RemoteWebDriver.execute(RemoteWebDriver.java:548)
at org.openqa.selenium.remote.RemoteWebElement.execute(RemoteWebElement.java:276)
at org.openqa.selenium.remote.RemoteWebElement.getText(RemoteWebElement.java:160)
at org.openqa.selenium.support.pagefactory.internal.LocatingElementHandler.invoke(LocatingElementHandler.java:51)
at com.sun.proxy.$Proxy11.getText(Unknown Source)
at com.gurukula.pages.BasicPage.getPageHeader(BasicPage.java:74)
at com.gurukula.tests.AccountTest.M3_TS05_Verify_Invalidate_Session(AccountTest.java:203)
... Removed 32 stack frames]]>
    </failure>
  </testcase> <!-- M3_TS05_Verify_Invalidate_Session -->
  <testcase name="M4_TS01_Create_newBranch" time="4.664" classname="com.gurukula.tests.BranchTest"/>
  <testcase name="M4_TS01_Create_newBranch" time="3.959" classname="com.gurukula.tests.BranchTest"/>
  <testcase name="M4_TS01_Create_newBranch" time="3.993" classname="com.gurukula.tests.BranchTest"/>
  <testcase name="M4_TS01_Create_newBranch" time="4.39" classname="com.gurukula.tests.BranchTest"/>
  <testcase name="M4_TS01_Create_newBranch" time="4.193" classname="com.gurukula.tests.BranchTest"/>
  <testcase name="M4_TS02_Verify_BranchCreationError_Message_Handling" time="1.809" classname="com.gurukula.tests.BranchTest"/>
  <testcase name="M4_TS02_Verify_BranchCreationError_Message_Handling" time="3.027" classname="com.gurukula.tests.BranchTest"/>
  <testcase name="M4_TS02_Verify_BranchCreationError_Message_Handling" time="2.918" classname="com.gurukula.tests.BranchTest"/>
  <testcase name="M4_TS02_Verify_BranchCreationError_Message_Handling" time="2.858" classname="com.gurukula.tests.BranchTest"/>
  <testcase name="M4_TS02_Verify_BranchCreationError_Message_Handling" time="3.264" classname="com.gurukula.tests.BranchTest"/>
  <testcase name="M4_TS02_Verify_BranchCreationError_Message_Handling" time="4.821" classname="com.gurukula.tests.BranchTest"/>
  <testcase name="M4_TS02_Verify_BranchCreationError_Message_Handling" time="3.938" classname="com.gurukula.tests.BranchTest"/>
  <testcase name="M4_TS02_Verify_BranchCreationError_Message_Handling" time="3.956" classname="com.gurukula.tests.BranchTest"/>
  <testcase name="M4_TS03_Verify_BranchEdit" time="7.134" classname="com.gurukula.tests.BranchTest"/>
  <testcase name="M4_TS04_Verify_BranchDelete" time="6.4" classname="com.gurukula.tests.BranchTest"/>
  <testcase name="M4_TS05_Verify_BranchView" time="5.091" classname="com.gurukula.tests.BranchTest"/>
  <testcase name="M5_TS01_Create_new_staff" time="6.188" classname="com.gurukula.tests.StaffTest"/>
  <testcase name="M5_TS01_Create_new_staff" time="5.018" classname="com.gurukula.tests.StaffTest"/>
  <testcase name="M5_TS01_Create_new_staff" time="4.317" classname="com.gurukula.tests.StaffTest"/>
  <testcase name="M5_TS01_Create_new_staff" time="4.787" classname="com.gurukula.tests.StaffTest"/>
  <testcase name="M5_TS01_Create_new_staff" time="7.635" classname="com.gurukula.tests.StaffTest"/>
  <testcase name="M5_TS01_Create_new_staff" time="5.0" classname="com.gurukula.tests.StaffTest"/>
  <testcase name="M5_TS02_Verify_StaffCreationError_Message_Handling" time="2.44" classname="com.gurukula.tests.StaffTest"/>
  <testcase name="M5_TS02_Verify_StaffCreationError_Message_Handling" time="2.941" classname="com.gurukula.tests.StaffTest"/>
  <testcase name="M5_TS02_Verify_StaffCreationError_Message_Handling" time="2.387" classname="com.gurukula.tests.StaffTest"/>
  <testcase name="M5_TS03_Verify_StaffEdit" time="7.702" classname="com.gurukula.tests.StaffTest"/>
  <testcase name="M5_TS04_Verify_StaffDelete" time="7.706" classname="com.gurukula.tests.StaffTest"/>
  <testcase name="M5_TS05_Verify_StaffView" time="5.137" classname="com.gurukula.tests.StaffTest"/>
</testsuite> <!-- Full Regression Test -->
