<html>
<head>
<title>TestNG:  Default test</title>
<link href="../testng.css" rel="stylesheet" type="text/css" />
<link href="../my-testng.css" rel="stylesheet" type="text/css" />

<style type="text/css">
.log { display: none;} 
.stack-trace { display: none;} 
</style>
<script type="text/javascript">
<!--
function flip(e) {
  current = e.style.display;
  if (current == 'block') {
    e.style.display = 'none';
    return 0;
  }
  else {
    e.style.display = 'block';
    return 1;
  }
}

function toggleBox(szDivId, elem, msg1, msg2)
{
  var res = -1;  if (document.getElementById) {
    res = flip(document.getElementById(szDivId));
  }
  else if (document.all) {
    // this is the way old msie versions work
    res = flip(document.all[szDivId]);
  }
  if(elem) {
    if(res == 0) elem.innerHTML = msg1; else elem.innerHTML = msg2;
  }

}

function toggleAllBoxes() {
  if (document.getElementsByTagName) {
    d = document.getElementsByTagName('div');
    for (i = 0; i < d.length; i++) {
      if (d[i].className == 'log') {
        flip(d[i]);
      }
    }
  }
}

// -->
</script>

</head>
<body>
<h2 align='center'>Default test</h2><table border='1' align="center">
<tr>
<td>Tests passed/Failed/Skipped:</td><td>10/2/0</td>
</tr><tr>
<td>Started on:</td><td>Tue Jul 10 03:13:06 CEST 2018</td>
</tr>
<tr><td>Total time:</td><td>223 seconds (223752 ms)</td>
</tr><tr>
<td>Included groups:</td><td></td>
</tr><tr>
<td>Excluded groups:</td><td></td>
</tr>
</table><p/>
<small><i>(Hover the method name to see the test class name)</i></small><p/>
<table width='100%' border='1' class='invocation-failed'>
<tr><td colspan='4' align='center'><b>FAILED CONFIGURATIONS</b></td></tr>
<tr><td><b>Test method</b></td>
<td width="30%"><b>Exception</b></td>
<td width="10%"><b>Time (seconds)</b></td>
<td><b>Instance</b></td>
</tr>
<tr>
<td title='com.gurukula.tests.LoginTest.finishTest()'><b>finishTest</b><br>Test class: com.gurukula.tests.LoginTest</td>
<td><div><pre>java.lang.NullPointerException
	at sun.reflect.GeneratedMethodAccessor2.invoke(Unknown Source)
	at sun.reflect.DelegatingMethodAccessorImpl.invoke(DelegatingMethodAccessorImpl.java:43)
	at java.lang.reflect.Method.invoke(Method.java:498)
	at org.openqa.selenium.support.pagefactory.internal.LocatingElementHandler.invoke(LocatingElementHandler.java:51)
	at com.sun.proxy.$Proxy11.click(Unknown Source)
	at com.gurukula.pages.MenuPage.clickLogout(MenuPage.java:109)
	at com.gurukula.tests.LoginTest.finishTest(LoginTest.java:125)
	at sun.reflect.NativeMethodAccessorImpl.invoke0(Native Method)
	at sun.reflect.NativeMethodAccessorImpl.invoke(NativeMethodAccessorImpl.java:62)
	at sun.reflect.DelegatingMethodAccessorImpl.invoke(DelegatingMethodAccessorImpl.java:43)
	at java.lang.reflect.Method.invoke(Method.java:498)
	at org.testng.internal.MethodInvocationHelper.invokeMethod(MethodInvocationHelper.java:124)
	at org.testng.internal.MethodInvocationHelper.invokeMethodConsideringTimeout(MethodInvocationHelper.java:59)
	at org.testng.internal.Invoker.invokeConfigurationMethod(Invoker.java:455)
	at org.testng.internal.Invoker.invokeConfigurations(Invoker.java:222)
	at org.testng.internal.Invoker.invokeConfigurations(Invoker.java:142)
	at org.testng.TestRunner.afterRun(TestRunner.java:725)
	at org.testng.TestRunner.run(TestRunner.java:509)
	at org.testng.SuiteRunner.runTest(SuiteRunner.java:455)
	at org.testng.SuiteRunner.runSequentially(SuiteRunner.java:450)
	at org.testng.SuiteRunner.privateRun(SuiteRunner.java:415)
	at org.testng.SuiteRunner.run(SuiteRunner.java:364)
	at org.testng.SuiteRunnerWorker.runSuite(SuiteRunnerWorker.java:52)
	at org.testng.SuiteRunnerWorker.run(SuiteRunnerWorker.java:84)
	at org.testng.TestNG.runSuitesSequentially(TestNG.java:1208)
	at org.testng.TestNG.runSuitesLocally(TestNG.java:1137)
	at org.testng.TestNG.runSuites(TestNG.java:1049)
	at org.testng.TestNG.run(TestNG.java:1017)
	at org.testng.remote.AbstractRemoteTestNG.run(AbstractRemoteTestNG.java:114)
	at org.testng.remote.RemoteTestNG.initAndRun(RemoteTestNG.java:251)
	at org.testng.remote.RemoteTestNG.main(RemoteTestNG.java:77)
</pre></div><a href='#' onClick='toggleBox("stack-trace2087233084", this, "Click to show all stack frames", "Click to hide stack frames")'>Click to show all stack frames</a>
<div class='stack-trace' id='stack-trace2087233084'><pre>java.lang.NullPointerException
	at sun.reflect.GeneratedMethodAccessor2.invoke(Unknown Source)
	at sun.reflect.DelegatingMethodAccessorImpl.invoke(DelegatingMethodAccessorImpl.java:43)
	at java.lang.reflect.Method.invoke(Method.java:498)
	at org.openqa.selenium.support.pagefactory.internal.LocatingElementHandler.invoke(LocatingElementHandler.java:51)
	at com.sun.proxy.$Proxy11.click(Unknown Source)
	at com.gurukula.pages.MenuPage.clickLogout(MenuPage.java:109)
	at com.gurukula.tests.LoginTest.finishTest(LoginTest.java:125)
	at sun.reflect.NativeMethodAccessorImpl.invoke0(Native Method)
	at sun.reflect.NativeMethodAccessorImpl.invoke(NativeMethodAccessorImpl.java:62)
	at sun.reflect.DelegatingMethodAccessorImpl.invoke(DelegatingMethodAccessorImpl.java:43)
	at java.lang.reflect.Method.invoke(Method.java:498)
	at org.testng.internal.MethodInvocationHelper.invokeMethod(MethodInvocationHelper.java:124)
	at org.testng.internal.MethodInvocationHelper.invokeMethodConsideringTimeout(MethodInvocationHelper.java:59)
	at org.testng.internal.Invoker.invokeConfigurationMethod(Invoker.java:455)
	at org.testng.internal.Invoker.invokeConfigurations(Invoker.java:222)
	at org.testng.internal.Invoker.invokeConfigurations(Invoker.java:142)
	at org.testng.TestRunner.afterRun(TestRunner.java:725)
	at org.testng.TestRunner.run(TestRunner.java:509)
	at org.testng.SuiteRunner.runTest(SuiteRunner.java:455)
	at org.testng.SuiteRunner.runSequentially(SuiteRunner.java:450)
	at org.testng.SuiteRunner.privateRun(SuiteRunner.java:415)
	at org.testng.SuiteRunner.run(SuiteRunner.java:364)
	at org.testng.SuiteRunnerWorker.runSuite(SuiteRunnerWorker.java:52)
	at org.testng.SuiteRunnerWorker.run(SuiteRunnerWorker.java:84)
	at org.testng.TestNG.runSuitesSequentially(TestNG.java:1208)
	at org.testng.TestNG.runSuitesLocally(TestNG.java:1137)
	at org.testng.TestNG.runSuites(TestNG.java:1049)
	at org.testng.TestNG.run(TestNG.java:1017)
	at org.testng.remote.AbstractRemoteTestNG.run(AbstractRemoteTestNG.java:114)
	at org.testng.remote.RemoteTestNG.initAndRun(RemoteTestNG.java:251)
	at org.testng.remote.RemoteTestNG.main(RemoteTestNG.java:77)
</pre></div></td>
<td>185</td>
<td>com.gurukula.tests.LoginTest@59f99ea</td></tr>
</table><p>
<table width='100%' border='1' class='invocation-failed'>
<tr><td colspan='4' align='center'><b>FAILED TESTS</b></td></tr>
<tr><td><b>Test method</b></td>
<td width="30%"><b>Exception</b></td>
<td width="10%"><b>Time (seconds)</b></td>
<td><b>Instance</b></td>
</tr>
<tr>
<td title='com.gurukula.tests.LoginTest.M1_TS04_Verify_Reset_your_password()'><b>M1_TS04_Verify_Reset_your_password</b><br>Test class: com.gurukula.tests.LoginTest<br>Parameters: 4, email1234567890123456789012345678901234567812@com, Your e-mail cannot be longer than 50 characters.<br/>
<a href="#Output-1111497601" onClick='toggleBox("Output-1111497601", this, "Show output", "Hide output");'>Show output</a>

<a href="#Output-1111497601" onClick="toggleAllBoxes();">Show all outputs</a>
<div class='log' id="Output-1111497601">
TC04_Verify Reset your password functionality<br/>
Verification of Confirm Password Error Message -><br/>
</div>
</td>
<td><div><pre>java.lang.AssertionError: expected [Your e-mail cannot be longer than 50 characters.] but found []
	at org.testng.Assert.fail(Assert.java:96)
	at org.testng.Assert.failNotEquals(Assert.java:776)
	at org.testng.Assert.assertEqualsImpl(Assert.java:137)
	at org.testng.Assert.assertEquals(Assert.java:118)
	at org.testng.Assert.assertEquals(Assert.java:453)
	at org.testng.Assert.assertEquals(Assert.java:463)
	at com.gurukula.tests.LoginTest.M1_TS04_Verify_Reset_your_password(LoginTest.java:100)
	at sun.reflect.NativeMethodAccessorImpl.invoke0(Native Method)
	at sun.reflect.NativeMethodAccessorImpl.invoke(NativeMethodAccessorImpl.java:62)
	at sun.reflect.DelegatingMethodAccessorImpl.invoke(DelegatingMethodAccessorImpl.java:43)
	at java.lang.reflect.Method.invoke(Method.java:498)
	at org.testng.internal.MethodInvocationHelper.invokeMethod(MethodInvocationHelper.java:124)
	at org.testng.internal.Invoker.invokeMethod(Invoker.java:580)
	at org.testng.internal.Invoker.invokeTestMethod(Invoker.java:716)
	at org.testng.internal.Invoker.invokeTestMethods(Invoker.java:988)
	at org.testng.internal.TestMethodWorker.invokeTestMethods(TestMethodWorker.java:125)
	at org.testng.internal.TestMethodWorker.run(TestMethodWorker.java:109)
	at org.testng.TestRunner.privateRun(TestRunner.java:648)
	at org.testng.TestRunner.run(TestRunner.java:505)
	at org.testng.SuiteRunner.runTest(SuiteRunner.java:455)
	at org.testng.SuiteRunner.runSequentially(SuiteRunner.java:450)
	at org.testng.SuiteRunner.privateRun(SuiteRunner.java:415)
	at org.testng.SuiteRunner.run(SuiteRunner.java:364)
	at org.testng.SuiteRunnerWorker.runSuite(SuiteRunnerWorker.java:52)
	at org.testng.SuiteRunnerWorker.run(SuiteRunnerWorker.java:84)
	at org.testng.TestNG.runSuitesSequentially(TestNG.java:1208)
	at org.testng.TestNG.runSuitesLocally(TestNG.java:1137)
	at org.testng.TestNG.runSuites(TestNG.java:1049)
	at org.testng.TestNG.run(TestNG.java:1017)
	at org.testng.remote.AbstractRemoteTestNG.run(AbstractRemoteTestNG.java:114)
	at org.testng.remote.RemoteTestNG.initAndRun(RemoteTestNG.java:251)
	at org.testng.remote.RemoteTestNG.main(RemoteTestNG.java:77)
</pre></div><a href='#' onClick='toggleBox("stack-trace1111497601", this, "Click to show all stack frames", "Click to hide stack frames")'>Click to show all stack frames</a>
<div class='stack-trace' id='stack-trace1111497601'><pre>java.lang.AssertionError: expected [Your e-mail cannot be longer than 50 characters.] but found []
	at org.testng.Assert.fail(Assert.java:96)
	at org.testng.Assert.failNotEquals(Assert.java:776)
	at org.testng.Assert.assertEqualsImpl(Assert.java:137)
	at org.testng.Assert.assertEquals(Assert.java:118)
	at org.testng.Assert.assertEquals(Assert.java:453)
	at org.testng.Assert.assertEquals(Assert.java:463)
	at com.gurukula.tests.LoginTest.M1_TS04_Verify_Reset_your_password(LoginTest.java:100)
	at sun.reflect.NativeMethodAccessorImpl.invoke0(Native Method)
	at sun.reflect.NativeMethodAccessorImpl.invoke(NativeMethodAccessorImpl.java:62)
	at sun.reflect.DelegatingMethodAccessorImpl.invoke(DelegatingMethodAccessorImpl.java:43)
	at java.lang.reflect.Method.invoke(Method.java:498)
	at org.testng.internal.MethodInvocationHelper.invokeMethod(MethodInvocationHelper.java:124)
	at org.testng.internal.Invoker.invokeMethod(Invoker.java:580)
	at org.testng.internal.Invoker.invokeTestMethod(Invoker.java:716)
	at org.testng.internal.Invoker.invokeTestMethods(Invoker.java:988)
	at org.testng.internal.TestMethodWorker.invokeTestMethods(TestMethodWorker.java:125)
	at org.testng.internal.TestMethodWorker.run(TestMethodWorker.java:109)
	at org.testng.TestRunner.privateRun(TestRunner.java:648)
	at org.testng.TestRunner.run(TestRunner.java:505)
	at org.testng.SuiteRunner.runTest(SuiteRunner.java:455)
	at org.testng.SuiteRunner.runSequentially(SuiteRunner.java:450)
	at org.testng.SuiteRunner.privateRun(SuiteRunner.java:415)
	at org.testng.SuiteRunner.run(SuiteRunner.java:364)
	at org.testng.SuiteRunnerWorker.runSuite(SuiteRunnerWorker.java:52)
	at org.testng.SuiteRunnerWorker.run(SuiteRunnerWorker.java:84)
	at org.testng.TestNG.runSuitesSequentially(TestNG.java:1208)
	at org.testng.TestNG.runSuitesLocally(TestNG.java:1137)
	at org.testng.TestNG.runSuites(TestNG.java:1049)
	at org.testng.TestNG.run(TestNG.java:1017)
	at org.testng.remote.AbstractRemoteTestNG.run(AbstractRemoteTestNG.java:114)
	at org.testng.remote.RemoteTestNG.initAndRun(RemoteTestNG.java:251)
	at org.testng.remote.RemoteTestNG.main(RemoteTestNG.java:77)
</pre></div></td>
<td>1</td>
<td>com.gurukula.tests.LoginTest@59f99ea</td></tr>
<tr>
<td title='com.gurukula.tests.LoginTest.M1_TS04_Verify_Reset_your_password()'><b>M1_TS04_Verify_Reset_your_password</b><br>Test class: com.gurukula.tests.LoginTest<br>Parameters: 6, admin@localhost, Success!<br/>
<a href="#Output-1553141699" onClick='toggleBox("Output-1553141699", this, "Show output", "Hide output");'>Show output</a>

<a href="#Output-1553141699" onClick="toggleAllBoxes();">Show all outputs</a>
<div class='log' id="Output-1553141699">
TC04_Verify Reset your password functionality<br/>
</div>
</td>
<td><div><pre>java.lang.AssertionError: expected [Success!] but found []
	at org.testng.Assert.fail(Assert.java:96)
	at org.testng.Assert.failNotEquals(Assert.java:776)
	at org.testng.Assert.assertEqualsImpl(Assert.java:137)
	at org.testng.Assert.assertEquals(Assert.java:118)
	at org.testng.Assert.assertEquals(Assert.java:453)
	at org.testng.Assert.assertEquals(Assert.java:463)
	at com.gurukula.tests.LoginTest.M1_TS04_Verify_Reset_your_password(LoginTest.java:110)
	at sun.reflect.NativeMethodAccessorImpl.invoke0(Native Method)
	at sun.reflect.NativeMethodAccessorImpl.invoke(NativeMethodAccessorImpl.java:62)
	at sun.reflect.DelegatingMethodAccessorImpl.invoke(DelegatingMethodAccessorImpl.java:43)
	at java.lang.reflect.Method.invoke(Method.java:498)
	at org.testng.internal.MethodInvocationHelper.invokeMethod(MethodInvocationHelper.java:124)
	at org.testng.internal.Invoker.invokeMethod(Invoker.java:580)
	at org.testng.internal.Invoker.invokeTestMethod(Invoker.java:716)
	at org.testng.internal.Invoker.invokeTestMethods(Invoker.java:988)
	at org.testng.internal.TestMethodWorker.invokeTestMethods(TestMethodWorker.java:125)
	at org.testng.internal.TestMethodWorker.run(TestMethodWorker.java:109)
	at org.testng.TestRunner.privateRun(TestRunner.java:648)
	at org.testng.TestRunner.run(TestRunner.java:505)
	at org.testng.SuiteRunner.runTest(SuiteRunner.java:455)
	at org.testng.SuiteRunner.runSequentially(SuiteRunner.java:450)
	at org.testng.SuiteRunner.privateRun(SuiteRunner.java:415)
	at org.testng.SuiteRunner.run(SuiteRunner.java:364)
	at org.testng.SuiteRunnerWorker.runSuite(SuiteRunnerWorker.java:52)
	at org.testng.SuiteRunnerWorker.run(SuiteRunnerWorker.java:84)
	at org.testng.TestNG.runSuitesSequentially(TestNG.java:1208)
	at org.testng.TestNG.runSuitesLocally(TestNG.java:1137)
	at org.testng.TestNG.runSuites(TestNG.java:1049)
	at org.testng.TestNG.run(TestNG.java:1017)
	at org.testng.remote.AbstractRemoteTestNG.run(AbstractRemoteTestNG.java:114)
	at org.testng.remote.RemoteTestNG.initAndRun(RemoteTestNG.java:251)
	at org.testng.remote.RemoteTestNG.main(RemoteTestNG.java:77)
</pre></div><a href='#' onClick='toggleBox("stack-trace1553141699", this, "Click to show all stack frames", "Click to hide stack frames")'>Click to show all stack frames</a>
<div class='stack-trace' id='stack-trace1553141699'><pre>java.lang.AssertionError: expected [Success!] but found []
	at org.testng.Assert.fail(Assert.java:96)
	at org.testng.Assert.failNotEquals(Assert.java:776)
	at org.testng.Assert.assertEqualsImpl(Assert.java:137)
	at org.testng.Assert.assertEquals(Assert.java:118)
	at org.testng.Assert.assertEquals(Assert.java:453)
	at org.testng.Assert.assertEquals(Assert.java:463)
	at com.gurukula.tests.LoginTest.M1_TS04_Verify_Reset_your_password(LoginTest.java:110)
	at sun.reflect.NativeMethodAccessorImpl.invoke0(Native Method)
	at sun.reflect.NativeMethodAccessorImpl.invoke(NativeMethodAccessorImpl.java:62)
	at sun.reflect.DelegatingMethodAccessorImpl.invoke(DelegatingMethodAccessorImpl.java:43)
	at java.lang.reflect.Method.invoke(Method.java:498)
	at org.testng.internal.MethodInvocationHelper.invokeMethod(MethodInvocationHelper.java:124)
	at org.testng.internal.Invoker.invokeMethod(Invoker.java:580)
	at org.testng.internal.Invoker.invokeTestMethod(Invoker.java:716)
	at org.testng.internal.Invoker.invokeTestMethods(Invoker.java:988)
	at org.testng.internal.TestMethodWorker.invokeTestMethods(TestMethodWorker.java:125)
	at org.testng.internal.TestMethodWorker.run(TestMethodWorker.java:109)
	at org.testng.TestRunner.privateRun(TestRunner.java:648)
	at org.testng.TestRunner.run(TestRunner.java:505)
	at org.testng.SuiteRunner.runTest(SuiteRunner.java:455)
	at org.testng.SuiteRunner.runSequentially(SuiteRunner.java:450)
	at org.testng.SuiteRunner.privateRun(SuiteRunner.java:415)
	at org.testng.SuiteRunner.run(SuiteRunner.java:364)
	at org.testng.SuiteRunnerWorker.runSuite(SuiteRunnerWorker.java:52)
	at org.testng.SuiteRunnerWorker.run(SuiteRunnerWorker.java:84)
	at org.testng.TestNG.runSuitesSequentially(TestNG.java:1208)
	at org.testng.TestNG.runSuitesLocally(TestNG.java:1137)
	at org.testng.TestNG.runSuites(TestNG.java:1049)
	at org.testng.TestNG.run(TestNG.java:1017)
	at org.testng.remote.AbstractRemoteTestNG.run(AbstractRemoteTestNG.java:114)
	at org.testng.remote.RemoteTestNG.initAndRun(RemoteTestNG.java:251)
	at org.testng.remote.RemoteTestNG.main(RemoteTestNG.java:77)
</pre></div></td>
<td>1</td>
<td>com.gurukula.tests.LoginTest@59f99ea</td></tr>
</table><p>
<table width='100%' border='1' class='invocation-passed'>
<tr><td colspan='4' align='center'><b>PASSED TESTS</b></td></tr>
<tr><td><b>Test method</b></td>
<td width="30%"><b>Exception</b></td>
<td width="10%"><b>Time (seconds)</b></td>
<td><b>Instance</b></td>
</tr>
<tr>
<td title='com.gurukula.tests.LoginTest.M1_TS01_Login_VerifyApplicationIsUp()'><b>M1_TS01_Login_VerifyApplicationIsUp</b><br>Test class: com.gurukula.tests.LoginTest<br/>
<a href="#Output-26970580" onClick='toggleBox("Output-26970580", this, "Show output", "Hide output");'>Show output</a>

<a href="#Output-26970580" onClick="toggleAllBoxes();">Show all outputs</a>
<div class='log' id="Output-26970580">
TC01_Verify Application is running<br/>
</div>
</td>
<td></td>
<td>0</td>
<td>com.gurukula.tests.LoginTest@59f99ea</td></tr>
<tr>
<td title='com.gurukula.tests.LoginTest.M1_TS02_VerifyLogin()'><b>M1_TS02_VerifyLogin</b><br>Test class: com.gurukula.tests.LoginTest<br>Parameters: admin, admin<br/>
<a href="#Output-573926093" onClick='toggleBox("Output-573926093", this, "Show output", "Hide output");'>Show output</a>

<a href="#Output-573926093" onClick="toggleAllBoxes();">Show all outputs</a>
<div class='log' id="Output-573926093">
Step 1 : Click Login Button<br/>
Step 2 : Enter Username <admin><br/>
Step 3 : Enter Password <admin><br/>
Step 4 : Click Authenticate Button<br/>
Step 5 : Verify Login should be sucessful
<br/>
Step 6 : Logout user<br/>
</div>
</td>
<td></td>
<td>3</td>
<td>com.gurukula.tests.LoginTest@59f99ea</td></tr>
<tr>
<td title='com.gurukula.tests.LoginTest.M1_TS03_VerifyInvalidLogin()'><b>M1_TS03_VerifyInvalidLogin</b><br>Test class: com.gurukula.tests.LoginTest<br>Parameters:  ,  </td>
<td></td>
<td>1</td>
<td>com.gurukula.tests.LoginTest@59f99ea</td></tr>
<tr>
<td title='com.gurukula.tests.LoginTest.M1_TS03_VerifyInvalidLogin()'><b>M1_TS03_VerifyInvalidLogin</b><br>Test class: com.gurukula.tests.LoginTest<br>Parameters: admin, 123456</td>
<td></td>
<td>2</td>
<td>com.gurukula.tests.LoginTest@59f99ea</td></tr>
<tr>
<td title='com.gurukula.tests.LoginTest.M1_TS03_VerifyInvalidLogin()'><b>M1_TS03_VerifyInvalidLogin</b><br>Test class: com.gurukula.tests.LoginTest<br>Parameters: user, admin</td>
<td></td>
<td>2</td>
<td>com.gurukula.tests.LoginTest@59f99ea</td></tr>
<tr>
<td title='com.gurukula.tests.LoginTest.M1_TS03_VerifyInvalidLogin()'><b>M1_TS03_VerifyInvalidLogin</b><br>Test class: com.gurukula.tests.LoginTest<br>Parameters: Tom, 123456</td>
<td></td>
<td>2</td>
<td>com.gurukula.tests.LoginTest@59f99ea</td></tr>
<tr>
<td title='com.gurukula.tests.LoginTest.M1_TS04_Verify_Reset_your_password()'><b>M1_TS04_Verify_Reset_your_password</b><br>Test class: com.gurukula.tests.LoginTest<br>Parameters: 1, email, Your e-mail is invalid.<br/>
<a href="#Output-1035825415" onClick='toggleBox("Output-1035825415", this, "Show output", "Hide output");'>Show output</a>

<a href="#Output-1035825415" onClick="toggleAllBoxes();">Show all outputs</a>
<div class='log' id="Output-1035825415">
TC04_Verify Reset your password functionality<br/>
Verification of Confirm Password Error Message Your e-mail is invalid.-><br/>
</div>
</td>
<td></td>
<td>1</td>
<td>com.gurukula.tests.LoginTest@59f99ea</td></tr>
<tr>
<td title='com.gurukula.tests.LoginTest.M1_TS04_Verify_Reset_your_password()'><b>M1_TS04_Verify_Reset_your_password</b><br>Test class: com.gurukula.tests.LoginTest<br>Parameters: 2, a@a.com, Your e-mail is required.<br/>
<a href="#Output-1570578713" onClick='toggleBox("Output-1570578713", this, "Show output", "Hide output");'>Show output</a>

<a href="#Output-1570578713" onClick="toggleAllBoxes();">Show all outputs</a>
<div class='log' id="Output-1570578713">
TC04_Verify Reset your password functionality<br/>
Verification of Confirm Password Error Message Your e-mail is required.-><br/>
</div>
</td>
<td></td>
<td>1</td>
<td>com.gurukula.tests.LoginTest@59f99ea</td></tr>
<tr>
<td title='com.gurukula.tests.LoginTest.M1_TS04_Verify_Reset_your_password()'><b>M1_TS04_Verify_Reset_your_password</b><br>Test class: com.gurukula.tests.LoginTest<br>Parameters: 3, a@a, Your e-mail is required to be at least 5 characters.<br/>
<a href="#Output-1498944673" onClick='toggleBox("Output-1498944673", this, "Show output", "Hide output");'>Show output</a>

<a href="#Output-1498944673" onClick="toggleAllBoxes();">Show all outputs</a>
<div class='log' id="Output-1498944673">
TC04_Verify Reset your password functionality<br/>
Verification of Confirm Password Error Message Your e-mail is required to be at least 5 characters.-><br/>
</div>
</td>
<td></td>
<td>1</td>
<td>com.gurukula.tests.LoginTest@59f99ea</td></tr>
<tr>
<td title='com.gurukula.tests.LoginTest.M1_TS04_Verify_Reset_your_password()'><b>M1_TS04_Verify_Reset_your_password</b><br>Test class: com.gurukula.tests.LoginTest<br>Parameters: 5, admin@localhost.com, E-Mail address isn't registered!<br/>
<a href="#Output-547964633" onClick='toggleBox("Output-547964633", this, "Show output", "Hide output");'>Show output</a>

<a href="#Output-547964633" onClick="toggleAllBoxes();">Show all outputs</a>
<div class='log' id="Output-547964633">
TC04_Verify Reset your password functionality<br/>
</div>
</td>
<td></td>
<td>1</td>
<td>com.gurukula.tests.LoginTest@59f99ea</td></tr>
</table><p>
</body>
</html>