<?xml version="1.0" encoding="UTF-8"?>
<!-- Generated by org.testng.reporters.JUnitReportReporter -->
<testsuite skipped="0" hostname="M5-L-5194G16" name="com.gurukula.tests.LoginTest" tests="12" failures="2" timestamp="10 Jul 2018 01:45:09 GMT" time="25.120" errors="0">
  <testcase name="M1_TS04_Verify_Reset_your_password" time="1.515" classname="com.gurukula.tests.LoginTest"/>
  <testcase name="M1_TS04_Verify_Reset_your_password" time="2.695" classname="com.gurukula.tests.LoginTest">
    <failure type="java.lang.AssertionError" message="expected [Your e-mail cannot be longer than 50 characters.] but found []">
      <![CDATA[java.lang.AssertionError: expected [Your e-mail cannot be longer than 50 characters.] but found []
at org.testng.Assert.fail(Assert.java:96)
at org.testng.Assert.failNotEquals(Assert.java:776)
at org.testng.Assert.assertEqualsImpl(Assert.java:137)
at org.testng.Assert.assertEquals(Assert.java:118)
at org.testng.Assert.assertEquals(Assert.java:453)
at org.testng.Assert.assertEquals(Assert.java:463)
at com.gurukula.tests.LoginTest.M1_TS04_Verify_Reset_your_password(LoginTest.java:100)
at sun.reflect.NativeMethodAccessorImpl.invoke0(Native Method)
at sun.reflect.NativeMethodAccessorImpl.invoke(NativeMethodAccessorImpl.java:62)
at sun.reflect.DelegatingMethodAccessorImpl.invoke(DelegatingMethodAccessorImpl.java:43)
at java.lang.reflect.Method.invoke(Method.java:498)
at org.testng.internal.MethodInvocationHelper.invokeMethod(MethodInvocationHelper.java:124)
at org.testng.internal.Invoker.invokeMethod(Invoker.java:580)
at org.testng.internal.Invoker.invokeTestMethod(Invoker.java:716)
at org.testng.internal.Invoker.invokeTestMethods(Invoker.java:988)
at org.testng.internal.TestMethodWorker.invokeTestMethods(TestMethodWorker.java:125)
at org.testng.internal.TestMethodWorker.run(TestMethodWorker.java:109)
at org.testng.TestRunner.privateRun(TestRunner.java:648)
at org.testng.TestRunner.run(TestRunner.java:505)
at org.testng.SuiteRunner.runTest(SuiteRunner.java:455)
at org.testng.SuiteRunner.runSequentially(SuiteRunner.java:450)
at org.testng.SuiteRunner.privateRun(SuiteRunner.java:415)
at org.testng.SuiteRunner.run(SuiteRunner.java:364)
at org.testng.SuiteRunnerWorker.runSuite(SuiteRunnerWorker.java:52)
at org.testng.SuiteRunnerWorker.run(SuiteRunnerWorker.java:84)
at org.testng.TestNG.runSuitesSequentially(TestNG.java:1208)
at org.testng.TestNG.runSuitesLocally(TestNG.java:1137)
at org.testng.TestNG.runSuites(TestNG.java:1049)
at org.testng.TestNG.run(TestNG.java:1017)
at org.testng.remote.AbstractRemoteTestNG.run(AbstractRemoteTestNG.java:114)
at org.testng.remote.RemoteTestNG.initAndRun(RemoteTestNG.java:251)
at org.testng.remote.RemoteTestNG.main(RemoteTestNG.java:77)
]]>
    </failure>
  </testcase> <!-- M1_TS04_Verify_Reset_your_password -->
  <testcase name="M1_TS04_Verify_Reset_your_password" time="1.855" classname="com.gurukula.tests.LoginTest"/>
  <testcase name="M1_TS03_VerifyInvalidLogin" time="2.227" classname="com.gurukula.tests.LoginTest"/>
  <testcase name="M1_TS03_VerifyInvalidLogin" time="3.082" classname="com.gurukula.tests.LoginTest"/>
  <testcase name="M1_TS04_Verify_Reset_your_password" time="2.054" classname="com.gurukula.tests.LoginTest">
    <failure type="java.lang.AssertionError" message="expected [Success!] but found []">
      <![CDATA[java.lang.AssertionError: expected [Success!] but found []
at org.testng.Assert.fail(Assert.java:96)
at org.testng.Assert.failNotEquals(Assert.java:776)
at org.testng.Assert.assertEqualsImpl(Assert.java:137)
at org.testng.Assert.assertEquals(Assert.java:118)
at org.testng.Assert.assertEquals(Assert.java:453)
at org.testng.Assert.assertEquals(Assert.java:463)
at com.gurukula.tests.LoginTest.M1_TS04_Verify_Reset_your_password(LoginTest.java:110)
at sun.reflect.NativeMethodAccessorImpl.invoke0(Native Method)
at sun.reflect.NativeMethodAccessorImpl.invoke(NativeMethodAccessorImpl.java:62)
at sun.reflect.DelegatingMethodAccessorImpl.invoke(DelegatingMethodAccessorImpl.java:43)
at java.lang.reflect.Method.invoke(Method.java:498)
at org.testng.internal.MethodInvocationHelper.invokeMethod(MethodInvocationHelper.java:124)
at org.testng.internal.Invoker.invokeMethod(Invoker.java:580)
at org.testng.internal.Invoker.invokeTestMethod(Invoker.java:716)
at org.testng.internal.Invoker.invokeTestMethods(Invoker.java:988)
at org.testng.internal.TestMethodWorker.invokeTestMethods(TestMethodWorker.java:125)
at org.testng.internal.TestMethodWorker.run(TestMethodWorker.java:109)
at org.testng.TestRunner.privateRun(TestRunner.java:648)
at org.testng.TestRunner.run(TestRunner.java:505)
at org.testng.SuiteRunner.runTest(SuiteRunner.java:455)
at org.testng.SuiteRunner.runSequentially(SuiteRunner.java:450)
at org.testng.SuiteRunner.privateRun(SuiteRunner.java:415)
at org.testng.SuiteRunner.run(SuiteRunner.java:364)
at org.testng.SuiteRunnerWorker.runSuite(SuiteRunnerWorker.java:52)
at org.testng.SuiteRunnerWorker.run(SuiteRunnerWorker.java:84)
at org.testng.TestNG.runSuitesSequentially(TestNG.java:1208)
at org.testng.TestNG.runSuitesLocally(TestNG.java:1137)
at org.testng.TestNG.runSuites(TestNG.java:1049)
at org.testng.TestNG.run(TestNG.java:1017)
at org.testng.remote.AbstractRemoteTestNG.run(AbstractRemoteTestNG.java:114)
at org.testng.remote.RemoteTestNG.initAndRun(RemoteTestNG.java:251)
at org.testng.remote.RemoteTestNG.main(RemoteTestNG.java:77)
]]>
    </failure>
  </testcase> <!-- M1_TS04_Verify_Reset_your_password -->
  <testcase name="M1_TS04_Verify_Reset_your_password" time="1.874" classname="com.gurukula.tests.LoginTest"/>
  <testcase name="M1_TS04_Verify_Reset_your_password" time="1.669" classname="com.gurukula.tests.LoginTest"/>
  <testcase name="M1_TS03_VerifyInvalidLogin" time="2.306" classname="com.gurukula.tests.LoginTest"/>
  <testcase name="M1_TS02_VerifyLogin" time="3.329" classname="com.gurukula.tests.LoginTest"/>
  <testcase name="M1_TS01_Login_VerifyApplicationIsUp" time="0.396" classname="com.gurukula.tests.LoginTest"/>
  <testcase name="M1_TS03_VerifyInvalidLogin" time="2.118" classname="com.gurukula.tests.LoginTest"/>
</testsuite> <!-- com.gurukula.tests.LoginTest -->
